Packet Num: 240
flow 1
2 19 12
0 11 14
1 15 20
3 23 27
4 27 29
5 31 38
6 35 41
7 39 42
8 43 50
9 47 51
10 51 63
11 55 65
12 59 70
13 63 80
14 67 83
15 71 91
16 75 94
17 79 96
18 83 107
19 87 109
20 91 120
21 95 123
22 99 126
23 103 146
24 107 154
35 151 161
36 155 165
25 111 166
26 115 168
27 119 170
37 159 171
38 163 182
28 123 185
39 167 188
29 127 189
40 171 202
30 131 203
31 135 207
32 139 209
41 175 215
33 143 221
42 179 222
34 147 225
43 183 228
44 187 230
45 191 232
46 195 233
47 199 234
48 203 294
49 207 296
50 211 298
51 215 301
52 219 316
53 223 319
54 227 322
55 231 326
56 235 328
57 239 329
58 243 330
59 247 331
flow 2
0 9 10
1 13 17
2 17 23
3 21 32
4 25 35
5 29 36
6 33 45
7 37 46
8 41 56
9 45 58
10 49 59
33 141 61
11 53 67
12 57 69
13 61 78
14 65 81
15 69 84
16 73 92
17 77 95
18 81 105
19 85 110
20 89 111
21 93 122
22 97 124
23 101 140
24 105 144
35 149 147
25 109 148
36 153 149
37 157 151
38 161 155
39 165 159
26 113 162
27 117 164
40 169 167
41 173 173
42 177 176
28 121 180
29 125 181
43 181 184
30 129 187
44 185 190
45 189 197
31 133 201
46 193 204
32 137 205
47 197 216
34 145 217
48 201 283
49 205 284
50 209 285
51 213 288
52 217 290
53 221 299
54 225 303
55 229 305
56 233 307
57 237 311
58 241 314
59 245 317
flow 3
0 13 18
1 17 24
2 21 30
3 25 33
4 29 34
5 33 43
6 37 44
7 41 52
8 45 54
9 49 57
10 53 66
11 57 68
12 61 77
13 65 79
14 69 82
15 73 90
16 77 93
17 81 106
18 85 108
19 89 112
20 93 125
21 97 127
22 101 150
23 105 152
24 109 156
35 153 163
25 113 172
26 117 174
36 157 179
37 161 186
27 121 191
28 125 193
38 165 194
29 129 195
39 169 206
40 173 210
30 133 211
41 177 212
31 137 213
42 181 218
32 141 219
43 185 220
33 145 223
44 189 226
34 149 227
45 193 229
46 197 231
47 201 292
48 205 293
49 209 295
50 213 300
51 217 302
52 221 304
53 225 306
54 229 309
55 233 312
56 237 315
57 241 320
58 245 324
59 249 327
flow 4
0 9 11
1 13 16
2 17 22
3 21 26
4 25 28
5 29 31
6 33 39
7 37 40
8 41 49
9 45 53
10 49 55
33 141 60
11 53 62
12 57 64
13 61 74
14 65 75
15 69 76
16 73 88
17 77 89
18 81 102
19 85 103
20 89 104
21 93 119
22 97 121
23 101 137
24 105 138
34 145 139
35 149 141
25 109 142
36 153 143
37 157 145
38 161 153
39 165 157
26 113 158
27 117 160
40 169 169
41 173 175
28 121 177
29 125 178
30 129 183
42 177 192
43 181 196
31 133 198
32 137 199
44 185 200
45 189 208
46 193 214
47 197 224
48 201 286
49 205 287
50 209 289
51 213 291
52 217 297
53 221 308
54 225 310
55 229 313
56 233 318
57 237 321
58 241 323
59 245 325
